--- Log opened Fri Oct 07 15:07:57 2022
15:07 -!- carlseaga [~carlseaga@bl17-148-196.dsl.telepac.pt] has joined #LRH
15:07 -!- Irssi: #LRH: Total of 330 nicks [31 ops, 0 halfops, 266 voices, 33 normal]
15:07 -!- Irssi: Join to #LRH was synced in 1 secs
15:08 <+b-rex> god damn scottie trying to early queen attack me
15:08 <+b-rex> and rekt him with a 2 move forced m8
15:08 -!- MPolanski [~meganpola@bl17-148-196.dsl.telepac.pt] has joined #LRH
15:11 <+ji> sup b-rex 
15:11 <+ji> sup jewbird_ 
15:11 <+ji> sup dbaxter 
15:11 <+ji> sup SoFarUpEt 
15:11 <+jewbird_> sup ji pal
15:11 <+ji> sup stratum 
15:11 <+ji> sup die4bezos 
15:11 <+ji> i accidentally mixed d9o and d8
15:12 <+jewbird_> ji, any new darkmage hacks ?
15:12 <+ji> and i cant feel my legs
15:12 <+ji> so i found a concoction to become like darn and vae
15:12 <+jewbird_> what will u spam next
15:12 <+ji> jewbird_: im working on a 0day for his crab hand
15:12 <+jewbird_> n1
15:13 <+ji> all part of my master plan to sterilize darkmage 
15:15 <+jewbird_> n1 i am going to be so happy when darkmage finally dies
15:15 <+b-rex> ohohohohohoHOHOHEHEHEHEHEHEHEjajajajajajaajjajajaja another fucking sick mate
15:15 <+b-rex> i gotta stop before all the weekend warriors start showing up tho
15:15 <+luldangs> I saw you on Wednesday and oh my shitting christ I wanted to desecrate you in a gruesome way.
15:15 <+b-rex> them mofuckas be cheating a lot
15:16 <+ji> jewbird_: ngl
15:16 <+ji> im gonna be more happy when california finally burns
15:16 <+ji> alotta mfs in there that no one cares for
15:16 <+ji> leeching our TAXES
15:16 <+ji> wait
15:16 <+ji> does darkmage live in CA?
15:17 -!- MPolanski [~meganpola@bl17-148-196.dsl.telepac.pt] has quit [Quit: leaving]
--- Log closed Fri Oct 07 15:17:08 2022
--- Log opened Fri Oct 07 15:47:34 2022
15:47 -!- carlseaga [~carlseaga@bl17-148-196.dsl.telepac.pt] has joined #LRH
15:47 -!- Irssi: #LRH: Total of 331 nicks [31 ops, 0 halfops, 266 voices, 34 normal]
15:47 -!- Irssi: Join to #LRH was synced in 2 secs
15:49 <+et> sthors- cool
15:49 <+et> get high
15:49 <+et> do drugs
15:50 < SuchWow> be pardoned
15:50 <+et> no
15:50 <+et> you need to be
15:50 <+et> pardon you
15:50 <+et> for interupting our conversation
15:50 < SuchWow> exsqueegee?
15:50 <+et> thats exactly right
15:50 <+et> excuse you
15:50 < SuchWow> bored waiting for catering order
15:50 < SuchWow> wish was high
15:50 <+et> you interuped 
15:51 <+et> go smoke some bananadine
--- Log closed Fri Oct 07 15:55:19 2022
