--- Log opened Fri Oct 07 15:07:40 2022
15:07 !ssl.efnet.org *** Processing connection to irc.colosolutions.net
15:07 !ssl.efnet.org *** Looking up your hostname...
15:07 !ssl.efnet.org *** Checking Ident
15:07 !ssl.efnet.org *** Found your hostname
15:07 !ssl.efnet.org *** No Ident response
--- Log closed Fri Oct 07 15:13:42 2022
--- Log opened Fri Oct 07 15:45:51 2022
15:45 !ssl.efnet.org *** Processing connection to irc.servercentral.net
15:45 !ssl.efnet.org *** Looking up your hostname...
15:45 !ssl.efnet.org *** Checking Ident
15:45 !ssl.efnet.org *** Found your hostname
15:46 !ssl.efnet.org *** No Ident response
--- Log closed Fri Oct 07 15:46:44 2022
--- Log opened Fri Oct 07 15:47:17 2022
15:47 !ssl.efnet.org *** Processing connection to irc.colosolutions.net
15:47 !ssl.efnet.org *** Looking up your hostname...
15:47 !ssl.efnet.org *** Checking Ident
15:47 !ssl.efnet.org *** Found your hostname
15:47 !ssl.efnet.org *** No Ident response
--- Log closed Fri Oct 07 15:53:06 2022
